# JRE version: OpenJDK Runtime Environment (17.0.10) (build 17.0.10+0--11572160)
# Java VM: OpenJDK 64-Bit Server VM (17.0.10+0--11572160, mixed mode, tiered, compressed oops, compressed class ptrs, g1 gc, windows-amd64)
GC Precious Log:
 CPUs: 16 total, 16 available
 Memory: 7829M
 Large Page Support: Disabled
 NUMA Support: Disabled
 Compressed Oops: Enabled (32-bit)
 Heap Region Size: 1M
 Heap Min Capacity: 8M
 Heap Initial Capacity: 124M
 Heap Max Capacity: 2G
 Pre-touch: Disabled
 Parallel Workers: 13
 Concurrent Workers: 3
 Concurrent Refinement Workers: 13
 Periodic GC: Disabled
Heap:
 garbage-first heap   total 154624K, used 81898K [0x0000000080000000, 0x0000000100000000)
  region size 1024K, 5 young (5120K), 5 survivors (5120K)
 Metaspace       used 80162K, committed 80768K, reserved 1179648K
  class space    used 10847K, committed 11136K, reserved 1048576K
GC Heap History (20 events):
Event: 4.971 GC heap after
{Heap after GC invocations=19 (full 0):
 garbage-first heap   total 103424K, used 49975K [0x0000000080000000, 0x0000000100000000)
  region size 1024K, 2 young (2048K), 2 survivors (2048K)
 Metaspace       used 57628K, committed 58176K, reserved 1114112K
  class space    used 7906K, committed 8192K, reserved 1048576K
}
Event: 5.180 GC heap before
{Heap before GC invocations=20 (full 0):
 garbage-first heap   total 103424K, used 79671K [0x0000000080000000, 0x0000000100000000)
  region size 1024K, 22 young (22528K), 2 survivors (2048K)
 Metaspace       used 58625K, committed 59136K, reserved 1114112K
  class space    used 8077K, committed 8320K, reserved 1048576K
}
Event: 5.182 GC heap after
{Heap after GC invocations=21 (full 0):
 garbage-first heap   total 103424K, used 64630K [0x0000000080000000, 0x0000000100000000)
  region size 1024K, 3 young (3072K), 3 survivors (3072K)
 Metaspace       used 58625K, committed 59136K, reserved 1114112K
  class space    used 8077K, committed 8320K, reserved 1048576K
}
Event: 5.201 GC heap before
{Heap before GC invocations=21 (full 0):
 garbage-first heap   total 103424K, used 65654K [0x0000000080000000, 0x0000000100000000)
  region size 1024K, 5 young (5120K), 3 survivors (3072K)
 Metaspace       used 58795K, committed 59392K, reserved 1114112K
  class space    used 8101K, committed 8384K, reserved 1048576K
}
Event: 5.202 GC heap after
{Heap after GC invocations=22 (full 0):
 garbage-first heap   total 103424K, used 64333K [0x0000000080000000, 0x0000000100000000)
  region size 1024K, 1 young (1024K), 1 survivors (1024K)
 Metaspace       used 58795K, committed 59392K, reserved 1114112K
  class space    used 8101K, committed 8384K, reserved 1048576K
}
Event: 5.253 GC heap before
{Heap before GC invocations=22 (full 0):
 garbage-first heap   total 103424K, used 69453K [0x0000000080000000, 0x0000000100000000)
  region size 1024K, 7 young (7168K), 1 survivors (1024K)
 Metaspace       used 59116K, committed 59648K, reserved 1114112K
  class space    used 8123K, committed 8384K, reserved 1048576K
}
Event: 5.255 GC heap after
{Heap after GC invocations=23 (full 0):
 garbage-first heap   total 154624K, used 64657K [0x0000000080000000, 0x0000000100000000)
  region size 1024K, 1 young (1024K), 1 survivors (1024K)
 Metaspace       used 59116K, committed 59648K, reserved 1114112K
  class space    used 8123K, committed 8384K, reserved 1048576K
}
Event: 5.620 GC heap before
{Heap before GC invocations=23 (full 0):
 garbage-first heap   total 154624K, used 107665K [0x0000000080000000, 0x0000000100000000)
  region size 1024K, 42 young (43008K), 1 survivors (1024K)
 Metaspace       used 62737K, committed 63296K, reserved 1114112K
  class space    used 8558K, committed 8832K, reserved 1048576K
}
Event: 5.622 GC heap after
{Heap after GC invocations=24 (full 0):
 garbage-first heap   total 154624K, used 66743K [0x0000000080000000, 0x0000000100000000)
  region size 1024K, 2 young (2048K), 2 survivors (2048K)
 Metaspace       used 62737K, committed 63296K, reserved 1114112K
  class space    used 8558K, committed 8832K, reserved 1048576K
}
Event: 5.947 GC heap before
{Heap before GC invocations=24 (full 0):
 garbage-first heap   total 154624K, used 110775K [0x0000000080000000, 0x0000000100000000)
  region size 1024K, 45 young (46080K), 2 survivors (2048K)
 Metaspace       used 67503K, committed 68096K, reserved 1114112K
  class space    used 9139K, committed 9408K, reserved 1048576K
}
Event: 5.950 GC heap after
{Heap after GC invocations=25 (full 0):
 garbage-first heap   total 154624K, used 68273K [0x0000000080000000, 0x0000000100000000)
  region size 1024K, 4 young (4096K), 4 survivors (4096K)
 Metaspace       used 67503K, committed 68096K, reserved 1114112K
  class space    used 9139K, committed 9408K, reserved 1048576K
}
Event: 6.091 GC heap before
{Heap before GC invocations=25 (full 0):
 garbage-first heap   total 154624K, used 87729K [0x0000000080000000, 0x0000000100000000)
  region size 1024K, 21 young (21504K), 4 survivors (4096K)
 Metaspace       used 69474K, committed 70080K, reserved 1114112K
  class space    used 9375K, committed 9664K, reserved 1048576K
}
Event: 6.094 GC heap after
{Heap after GC invocations=26 (full 0):
 garbage-first heap   total 154624K, used 74232K [0x0000000080000000, 0x0000000100000000)
  region size 1024K, 6 young (6144K), 6 survivors (6144K)
 Metaspace       used 69474K, committed 70080K, reserved 1114112K
  class space    used 9375K, committed 9664K, reserved 1048576K
}
Event: 6.432 GC heap before
{Heap before GC invocations=27 (full 0):
 garbage-first heap   total 154624K, used 120312K [0x0000000080000000, 0x0000000100000000)
  region size 1024K, 49 young (50176K), 6 survivors (6144K)
 Metaspace       used 72103K, committed 72704K, reserved 1114112K
  class space    used 9744K, committed 10048K, reserved 1048576K
}
Event: 6.436 GC heap after
{Heap after GC invocations=28 (full 0):
 garbage-first heap   total 154624K, used 75010K [0x0000000080000000, 0x0000000100000000)
  region size 1024K, 6 young (6144K), 6 survivors (6144K)
 Metaspace       used 72103K, committed 72704K, reserved 1114112K
  class space    used 9744K, committed 10048K, reserved 1048576K
}
Event: 6.444 GC heap before
{Heap before GC invocations=28 (full 0):
 garbage-first heap   total 154624K, used 76034K [0x0000000080000000, 0x0000000100000000)
  region size 1024K, 7 young (7168K), 6 survivors (6144K)
 Metaspace       used 72165K, committed 72768K, reserved 1114112K
  class space    used 9753K, committed 10048K, reserved 1048576K
}
Event: 6.446 GC heap after
{Heap after GC invocations=29 (full 0):
 garbage-first heap   total 154624K, used 74499K [0x0000000080000000, 0x0000000100000000)
  region size 1024K, 1 young (1024K), 1 survivors (1024K)
 Metaspace       used 72165K, committed 72768K, reserved 1114112K
  class space    used 9753K, committed 10048K, reserved 1048576K
}
Event: 6.732 GC heap before
{Heap before GC invocations=29 (full 0):
 garbage-first heap   total 154624K, used 107267K [0x0000000080000000, 0x0000000100000000)
  region size 1024K, 34 young (34816K), 1 survivors (1024K)
 Metaspace       used 75422K, committed 76032K, reserved 1179648K
  class space    used 10199K, committed 10496K, reserved 1048576K
}
Event: 6.734 GC heap after
{Heap after GC invocations=30 (full 0):
 garbage-first heap   total 154624K, used 75397K [0x0000000080000000, 0x0000000100000000)
  region size 1024K, 2 young (2048K), 2 survivors (2048K)
 Metaspace       used 75422K, committed 76032K, reserved 1179648K
  class space    used 10199K, committed 10496K, reserved 1048576K
}
Event: 7.126 GC heap before
{Heap before GC invocations=31 (full 0):
 garbage-first heap   total 154624K, used 125573K [0x0000000080000000, 0x0000000100000000)
  region size 1024K, 47 young (48128K), 2 survivors (2048K)
 Metaspace       used 80162K, committed 80768K, reserved 1179648K
  class space    used 10847K, committed 11136K, reserved 1048576K
}

