# JRE version: OpenJDK Runtime Environment (17.0.10) (build 17.0.10+0--11572160)
# Java VM: OpenJDK 64-Bit Server VM (17.0.10+0--11572160, mixed mode, tiered, compressed oops, compressed class ptrs, g1 gc, windows-amd64)
GC Precious Log:
 CPUs: 16 total, 16 available
 Memory: 7829M
 Large Page Support: Disabled
 NUMA Support: Disabled
 Compressed Oops: Enabled (32-bit)
 Heap Region Size: 1M
 Heap Min Capacity: 8M
 Heap Initial Capacity: 124M
 Heap Max Capacity: 2G
 Pre-touch: Disabled
 Parallel Workers: 13
 Concurrent Workers: 3
 Concurrent Refinement Workers: 13
 Periodic GC: Disabled
Heap:
 garbage-first heap   total 164864K, used 107171K [0x0000000080000000, 0x0000000100000000)
  region size 1024K, 41 young (41984K), 1 survivors (1024K)
 Metaspace       used 69226K, committed 69760K, reserved 1114112K
  class space    used 9319K, committed 9600K, reserved 1048576K
GC Heap History (20 events):
Event: 9.977 GC heap before
{Heap before GC invocations=13 (full 0):
 garbage-first heap   total 86016K, used 68718K [0x0000000080000000, 0x0000000100000000)
  region size 1024K, 37 young (37888K), 4 survivors (4096K)
 Metaspace       used 53858K, committed 54336K, reserved 1114112K
  class space    used 7381K, committed 7616K, reserved 1048576K
}
Event: 9.981 GC heap after
{Heap after GC invocations=14 (full 0):
 garbage-first heap   total 86016K, used 35838K [0x0000000080000000, 0x0000000100000000)
  region size 1024K, 4 young (4096K), 4 survivors (4096K)
 Metaspace       used 53858K, committed 54336K, reserved 1114112K
  class space    used 7381K, committed 7616K, reserved 1048576K
}
Event: 10.427 GC heap before
{Heap before GC invocations=14 (full 0):
 garbage-first heap   total 86016K, used 66558K [0x0000000080000000, 0x0000000100000000)
  region size 1024K, 35 young (35840K), 4 survivors (4096K)
 Metaspace       used 59646K, committed 60096K, reserved 1114112K
  class space    used 8108K, committed 8320K, reserved 1048576K
}
Event: 10.431 GC heap after
{Heap after GC invocations=15 (full 0):
 garbage-first heap   total 86016K, used 38909K [0x0000000080000000, 0x0000000100000000)
  region size 1024K, 5 young (5120K), 5 survivors (5120K)
 Metaspace       used 59646K, committed 60096K, reserved 1114112K
  class space    used 8108K, committed 8320K, reserved 1048576K
}
Event: 11.904 GC heap before
{Heap before GC invocations=16 (full 0):
 garbage-first heap   total 86016K, used 66557K [0x0000000080000000, 0x0000000100000000)
  region size 1024K, 33 young (33792K), 5 survivors (5120K)
 Metaspace       used 63380K, committed 63872K, reserved 1114112K
  class space    used 8600K, committed 8832K, reserved 1048576K
}
Event: 11.909 GC heap after
{Heap after GC invocations=17 (full 0):
 garbage-first heap   total 86016K, used 43949K [0x0000000080000000, 0x0000000100000000)
  region size 1024K, 5 young (5120K), 5 survivors (5120K)
 Metaspace       used 63380K, committed 63872K, reserved 1114112K
  class space    used 8600K, committed 8832K, reserved 1048576K
}
Event: 12.180 GC heap before
{Heap before GC invocations=17 (full 0):
 garbage-first heap   total 86016K, used 65453K [0x0000000080000000, 0x0000000100000000)
  region size 1024K, 27 young (27648K), 5 survivors (5120K)
 Metaspace       used 63744K, committed 64256K, reserved 1114112K
  class space    used 8659K, committed 8896K, reserved 1048576K
}
Event: 12.183 GC heap after
{Heap after GC invocations=18 (full 0):
 garbage-first heap   total 86016K, used 46026K [0x0000000080000000, 0x0000000100000000)
  region size 1024K, 4 young (4096K), 4 survivors (4096K)
 Metaspace       used 63744K, committed 64256K, reserved 1114112K
  class space    used 8659K, committed 8896K, reserved 1048576K
}
Event: 12.383 GC heap before
{Heap before GC invocations=19 (full 0):
 garbage-first heap   total 86016K, used 65482K [0x0000000080000000, 0x0000000100000000)
  region size 1024K, 24 young (24576K), 4 survivors (4096K)
 Metaspace       used 64105K, committed 64640K, reserved 1114112K
  class space    used 8688K, committed 8960K, reserved 1048576K
}
Event: 12.384 GC heap after
{Heap after GC invocations=20 (full 0):
 garbage-first heap   total 86016K, used 46655K [0x0000000080000000, 0x0000000100000000)
  region size 1024K, 3 young (3072K), 3 survivors (3072K)
 Metaspace       used 64105K, committed 64640K, reserved 1114112K
  class space    used 8688K, committed 8960K, reserved 1048576K
}
Event: 12.394 GC heap before
{Heap before GC invocations=20 (full 0):
 garbage-first heap   total 86016K, used 46655K [0x0000000080000000, 0x0000000100000000)
  region size 1024K, 4 young (4096K), 3 survivors (3072K)
 Metaspace       used 64130K, committed 64640K, reserved 1114112K
  class space    used 8689K, committed 8960K, reserved 1048576K
}
Event: 12.395 GC heap after
{Heap after GC invocations=21 (full 0):
 garbage-first heap   total 86016K, used 45978K [0x0000000080000000, 0x0000000100000000)
  region size 1024K, 1 young (1024K), 1 survivors (1024K)
 Metaspace       used 64130K, committed 64640K, reserved 1114112K
  class space    used 8689K, committed 8960K, reserved 1048576K
}
Event: 12.435 GC heap before
{Heap before GC invocations=21 (full 0):
 garbage-first heap   total 86016K, used 50074K [0x0000000080000000, 0x0000000100000000)
  region size 1024K, 6 young (6144K), 1 survivors (1024K)
 Metaspace       used 64203K, committed 64768K, reserved 1114112K
  class space    used 8693K, committed 8960K, reserved 1048576K
}
Event: 12.436 GC heap after
{Heap after GC invocations=22 (full 0):
 garbage-first heap   total 86016K, used 46065K [0x0000000080000000, 0x0000000100000000)
  region size 1024K, 1 young (1024K), 1 survivors (1024K)
 Metaspace       used 64203K, committed 64768K, reserved 1114112K
  class space    used 8693K, committed 8960K, reserved 1048576K
}
Event: 13.323 GC heap before
{Heap before GC invocations=23 (full 0):
 garbage-first heap   total 86016K, used 78833K [0x0000000080000000, 0x0000000100000000)
  region size 1024K, 21 young (21504K), 1 survivors (1024K)
 Metaspace       used 65197K, committed 65792K, reserved 1114112K
  class space    used 8861K, committed 9152K, reserved 1048576K
}
Event: 13.326 GC heap after
{Heap after GC invocations=24 (full 0):
 garbage-first heap   total 89088K, used 66237K [0x0000000080000000, 0x0000000100000000)
  region size 1024K, 3 young (3072K), 3 survivors (3072K)
 Metaspace       used 65197K, committed 65792K, reserved 1114112K
  class space    used 8861K, committed 9152K, reserved 1048576K
}
Event: 13.338 GC heap before
{Heap before GC invocations=24 (full 0):
 garbage-first heap   total 89088K, used 66237K [0x0000000080000000, 0x0000000100000000)
  region size 1024K, 4 young (4096K), 3 survivors (3072K)
 Metaspace       used 65252K, committed 65792K, reserved 1114112K
  class space    used 8863K, committed 9152K, reserved 1048576K
}
Event: 13.340 GC heap after
{Heap after GC invocations=25 (full 0):
 garbage-first heap   total 89088K, used 65947K [0x0000000080000000, 0x0000000100000000)
  region size 1024K, 1 young (1024K), 1 survivors (1024K)
 Metaspace       used 65252K, committed 65792K, reserved 1114112K
  class space    used 8863K, committed 9152K, reserved 1048576K
}
Event: 13.487 GC heap before
{Heap before GC invocations=25 (full 0):
 garbage-first heap   total 89088K, used 72091K [0x0000000080000000, 0x0000000100000000)
  region size 1024K, 8 young (8192K), 1 survivors (1024K)
 Metaspace       used 65735K, committed 66240K, reserved 1114112K
  class space    used 8914K, committed 9152K, reserved 1048576K
}
Event: 13.488 GC heap after
{Heap after GC invocations=26 (full 0):
 garbage-first heap   total 164864K, used 66211K [0x0000000080000000, 0x0000000100000000)
  region size 1024K, 1 young (1024K), 1 survivors (1024K)
 Metaspace       used 65735K, committed 66240K, reserved 1114112K
  class space    used 8914K, committed 9152K, reserved 1048576K
}

